mode: set
github.com/zdziszkee/swift-codes/internal/readers/csv/csv_swift_banks_reader.go:17.99,23.16 5 0
github.com/zdziszkee/swift-codes/internal/readers/csv/csv_swift_banks_reader.go:23.16,24.20 1 0
github.com/zdziszkee/swift-codes/internal/readers/csv/csv_swift_banks_reader.go:24.20,26.4 1 0
github.com/zdziszkee/swift-codes/internal/readers/csv/csv_swift_banks_reader.go:27.3,27.49 1 0
github.com/zdziszkee/swift-codes/internal/readers/csv/csv_swift_banks_reader.go:31.2,32.41 2 0
github.com/zdziszkee/swift-codes/internal/readers/csv/csv_swift_banks_reader.go:32.41,34.3 1 0
github.com/zdziszkee/swift-codes/internal/readers/csv/csv_swift_banks_reader.go:35.2,35.29 1 0
github.com/zdziszkee/swift-codes/internal/readers/csv/csv_swift_banks_reader.go:35.29,38.97 2 0
github.com/zdziszkee/swift-codes/internal/readers/csv/csv_swift_banks_reader.go:38.97,40.4 1 0
github.com/zdziszkee/swift-codes/internal/readers/csv/csv_swift_banks_reader.go:42.2,43.29 2 0
github.com/zdziszkee/swift-codes/internal/readers/csv/csv_swift_banks_reader.go:43.29,45.3 1 0
github.com/zdziszkee/swift-codes/internal/readers/csv/csv_swift_banks_reader.go:47.2,49.6 3 0
github.com/zdziszkee/swift-codes/internal/readers/csv/csv_swift_banks_reader.go:49.6,51.20 2 0
github.com/zdziszkee/swift-codes/internal/readers/csv/csv_swift_banks_reader.go:51.20,52.9 1 0
github.com/zdziszkee/swift-codes/internal/readers/csv/csv_swift_banks_reader.go:54.3,54.17 1 0
github.com/zdziszkee/swift-codes/internal/readers/csv/csv_swift_banks_reader.go:54.17,56.4 1 0
github.com/zdziszkee/swift-codes/internal/readers/csv/csv_swift_banks_reader.go:57.3,57.39 1 0
github.com/zdziszkee/swift-codes/internal/readers/csv/csv_swift_banks_reader.go:57.39,59.4 1 0
github.com/zdziszkee/swift-codes/internal/readers/csv/csv_swift_banks_reader.go:61.3,61.39 1 0
github.com/zdziszkee/swift-codes/internal/readers/csv/csv_swift_banks_reader.go:61.39,63.4 1 0
github.com/zdziszkee/swift-codes/internal/readers/csv/csv_swift_banks_reader.go:65.3,79.11 7 0
github.com/zdziszkee/swift-codes/internal/readers/csv/csv_swift_banks_reader.go:82.2,82.21 1 0
github.com/zdziszkee/swift-codes/internal/repositories/swift_banks_repository.go:51.67,53.2 1 0
github.com/zdziszkee/swift-codes/internal/repositories/swift_banks_repository.go:58.95,59.21 1 0
github.com/zdziszkee/swift-codes/internal/repositories/swift_banks_repository.go:59.21,61.3 1 0
github.com/zdziszkee/swift-codes/internal/repositories/swift_banks_repository.go:63.2,66.44 3 0
github.com/zdziszkee/swift-codes/internal/repositories/swift_banks_repository.go:66.44,68.25 2 0
github.com/zdziszkee/swift-codes/internal/repositories/swift_banks_repository.go:68.25,70.4 1 0
github.com/zdziszkee/swift-codes/internal/repositories/swift_banks_repository.go:71.3,79.30 6 0
github.com/zdziszkee/swift-codes/internal/repositories/swift_banks_repository.go:79.30,82.32 3 0
github.com/zdziszkee/swift-codes/internal/repositories/swift_banks_repository.go:82.32,84.5 1 0
github.com/zdziszkee/swift-codes/internal/repositories/swift_banks_repository.go:86.4,95.5 2 0
github.com/zdziszkee/swift-codes/internal/repositories/swift_banks_repository.go:98.3,104.17 6 0
github.com/zdziszkee/swift-codes/internal/repositories/swift_banks_repository.go:104.17,106.4 1 0
github.com/zdziszkee/swift-codes/internal/repositories/swift_banks_repository.go:107.3,109.95 3 0
github.com/zdziszkee/swift-codes/internal/repositories/swift_banks_repository.go:112.2,113.12 2 0
github.com/zdziszkee/swift-codes/internal/repositories/swift_banks_repository.go:117.87,118.62 1 0
github.com/zdziszkee/swift-codes/internal/repositories/swift_banks_repository.go:118.62,120.3 1 0
github.com/zdziszkee/swift-codes/internal/repositories/swift_banks_repository.go:122.2,124.30 3 0
github.com/zdziszkee/swift-codes/internal/repositories/swift_banks_repository.go:124.30,126.3 1 0
github.com/zdziszkee/swift-codes/internal/repositories/swift_banks_repository.go:128.2,138.16 3 0
github.com/zdziszkee/swift-codes/internal/repositories/swift_banks_repository.go:138.16,140.3 1 0
github.com/zdziszkee/swift-codes/internal/repositories/swift_banks_repository.go:141.2,141.12 1 0
github.com/zdziszkee/swift-codes/internal/repositories/swift_banks_repository.go:145.81,147.2 1 0
github.com/zdziszkee/swift-codes/internal/repositories/swift_banks_repository.go:150.100,152.16 2 0
github.com/zdziszkee/swift-codes/internal/repositories/swift_banks_repository.go:152.16,154.3 1 0
github.com/zdziszkee/swift-codes/internal/repositories/swift_banks_repository.go:156.2,158.24 2 0
github.com/zdziszkee/swift-codes/internal/repositories/swift_banks_repository.go:158.24,160.17 2 0
github.com/zdziszkee/swift-codes/internal/repositories/swift_banks_repository.go:160.17,162.4 1 0
github.com/zdziszkee/swift-codes/internal/repositories/swift_banks_repository.go:163.3,163.29 1 0
github.com/zdziszkee/swift-codes/internal/repositories/swift_banks_repository.go:166.2,166.20 1 0
github.com/zdziszkee/swift-codes/internal/repositories/swift_banks_repository.go:170.113,173.16 3 0
github.com/zdziszkee/swift-codes/internal/repositories/swift_banks_repository.go:173.16,175.3 1 0
github.com/zdziszkee/swift-codes/internal/repositories/swift_banks_repository.go:176.2,179.18 3 0
github.com/zdziszkee/swift-codes/internal/repositories/swift_banks_repository.go:179.18,181.17 2 0
github.com/zdziszkee/swift-codes/internal/repositories/swift_banks_repository.go:181.17,183.4 1 0
github.com/zdziszkee/swift-codes/internal/repositories/swift_banks_repository.go:184.3,184.39 1 0
github.com/zdziszkee/swift-codes/internal/repositories/swift_banks_repository.go:187.2,187.29 1 0
github.com/zdziszkee/swift-codes/internal/repositories/swift_banks_repository.go:191.112,194.16 3 0
github.com/zdziszkee/swift-codes/internal/repositories/swift_banks_repository.go:194.16,196.3 1 0
github.com/zdziszkee/swift-codes/internal/repositories/swift_banks_repository.go:198.2,200.16 3 0
github.com/zdziszkee/swift-codes/internal/repositories/swift_banks_repository.go:200.16,202.3 1 0
github.com/zdziszkee/swift-codes/internal/repositories/swift_banks_repository.go:203.2,210.18 3 0
github.com/zdziszkee/swift-codes/internal/repositories/swift_banks_repository.go:210.18,212.17 2 0
github.com/zdziszkee/swift-codes/internal/repositories/swift_banks_repository.go:212.17,214.4 1 0
github.com/zdziszkee/swift-codes/internal/repositories/swift_banks_repository.go:215.3,215.55 1 0
github.com/zdziszkee/swift-codes/internal/repositories/swift_banks_repository.go:218.2,218.27 1 0
github.com/zdziszkee/swift-codes/internal/repositories/swift_banks_repository.go:222.77,224.49 2 0
github.com/zdziszkee/swift-codes/internal/repositories/swift_banks_repository.go:224.49,226.3 1 0
github.com/zdziszkee/swift-codes/internal/repositories/swift_banks_repository.go:228.2,230.16 3 0
github.com/zdziszkee/swift-codes/internal/repositories/swift_banks_repository.go:230.16,232.3 1 0
github.com/zdziszkee/swift-codes/internal/repositories/swift_banks_repository.go:234.2,234.12 1 0
github.com/zdziszkee/swift-codes/internal/repositories/swift_banks_repository.go:239.49,241.2 1 0
github.com/zdziszkee/swift-codes/internal/repositories/swift_banks_repository.go:243.104,247.26 4 0
github.com/zdziszkee/swift-codes/internal/repositories/swift_banks_repository.go:247.26,249.3 1 0
github.com/zdziszkee/swift-codes/internal/repositories/swift_banks_repository.go:250.2,250.16 1 0
github.com/zdziszkee/swift-codes/internal/repositories/swift_banks_repository.go:250.16,252.3 1 0
github.com/zdziszkee/swift-codes/internal/repositories/swift_banks_repository.go:253.2,253.18 1 0
github.com/zdziszkee/swift-codes/internal/repositories/swift_banks_repository.go:256.102,260.26 4 0
github.com/zdziszkee/swift-codes/internal/repositories/swift_banks_repository.go:260.26,262.3 1 0
github.com/zdziszkee/swift-codes/internal/repositories/swift_banks_repository.go:263.2,263.16 1 0
github.com/zdziszkee/swift-codes/internal/repositories/swift_banks_repository.go:263.16,265.3 1 0
github.com/zdziszkee/swift-codes/internal/repositories/swift_banks_repository.go:266.2,266.25 1 0
github.com/zdziszkee/swift-codes/internal/repositories/swift_banks_repository.go:269.85,273.16 4 0
github.com/zdziszkee/swift-codes/internal/repositories/swift_banks_repository.go:273.16,275.3 1 0
github.com/zdziszkee/swift-codes/internal/repositories/swift_banks_repository.go:276.2,276.26 1 0
github.com/zdziszkee/swift-codes/internal/repositories/swift_banks_repository.go:276.26,278.3 1 0
github.com/zdziszkee/swift-codes/internal/repositories/swift_banks_repository.go:279.2,279.12 1 0
github.com/zdziszkee/swift-codes/internal/repositories/swift_banks_repository.go:282.82,286.26 4 0
github.com/zdziszkee/swift-codes/internal/repositories/swift_banks_repository.go:286.26,288.3 1 0
github.com/zdziszkee/swift-codes/internal/repositories/swift_banks_repository.go:289.2,289.16 1 0
github.com/zdziszkee/swift-codes/internal/repositories/swift_banks_repository.go:289.16,291.3 1 0
github.com/zdziszkee/swift-codes/internal/repositories/swift_banks_repository.go:292.2,292.12 1 0
github.com/zdziszkee/swift-codes/internal/repositories/swift_banks_repository.go:297.30,309.16 3 0
github.com/zdziszkee/swift-codes/internal/repositories/swift_banks_repository.go:309.16,311.3 1 0
github.com/zdziszkee/swift-codes/internal/repositories/swift_banks_repository.go:313.2,313.19 1 0
github.com/zdziszkee/swift-codes/internal/repositories/swift_banks_repository.go:316.24,317.11 1 0
github.com/zdziszkee/swift-codes/internal/repositories/swift_banks_repository.go:317.11,319.3 1 0
github.com/zdziszkee/swift-codes/internal/repositories/swift_banks_repository.go:320.2,320.10 1 0
github.com/zdziszkee/swift-codes/internal/api/handlers/swift_handler.go:18.66,20.2 1 0
github.com/zdziszkee/swift-codes/internal/api/handlers/swift_handler.go:24.53,29.16 4 0
github.com/zdziszkee/swift-codes/internal/api/handlers/swift_handler.go:29.16,32.3 2 0
github.com/zdziszkee/swift-codes/internal/api/handlers/swift_handler.go:34.2,35.44 2 0
github.com/zdziszkee/swift-codes/internal/api/handlers/swift_handler.go:39.56,43.16 3 0
github.com/zdziszkee/swift-codes/internal/api/handlers/swift_handler.go:43.16,45.3 1 0
github.com/zdziszkee/swift-codes/internal/api/handlers/swift_handler.go:47.2,47.45 1 0
github.com/zdziszkee/swift-codes/internal/api/handlers/swift_handler.go:51.50,54.45 2 0
github.com/zdziszkee/swift-codes/internal/api/handlers/swift_handler.go:54.45,58.3 1 0
github.com/zdziszkee/swift-codes/internal/api/handlers/swift_handler.go:60.2,61.16 2 0
github.com/zdziszkee/swift-codes/internal/api/handlers/swift_handler.go:61.16,63.3 1 0
github.com/zdziszkee/swift-codes/internal/api/handlers/swift_handler.go:65.2,67.4 1 0
github.com/zdziszkee/swift-codes/internal/api/handlers/swift_handler.go:71.50,75.16 3 0
github.com/zdziszkee/swift-codes/internal/api/handlers/swift_handler.go:75.16,77.3 1 0
github.com/zdziszkee/swift-codes/internal/api/handlers/swift_handler.go:79.2,81.4 1 0
github.com/zdziszkee/swift-codes/internal/api/handlers/swift_handler.go:85.48,86.9 1 0
github.com/zdziszkee/swift-codes/internal/api/handlers/swift_handler.go:87.34,90.5 1 0
github.com/zdziszkee/swift-codes/internal/api/handlers/swift_handler.go:91.38,94.5 1 0
github.com/zdziszkee/swift-codes/internal/api/handlers/swift_handler.go:95.39,98.5 1 0
github.com/zdziszkee/swift-codes/internal/api/handlers/swift_handler.go:99.10,102.5 1 0
github.com/zdziszkee/swift-codes/internal/database/database.go:34.44,46.16 4 0
github.com/zdziszkee/swift-codes/internal/database/database.go:46.16,48.3 1 0
github.com/zdziszkee/swift-codes/internal/database/database.go:51.2,56.34 4 0
github.com/zdziszkee/swift-codes/internal/database/database.go:56.34,59.3 2 0
github.com/zdziszkee/swift-codes/internal/database/database.go:61.2,64.61 2 0
github.com/zdziszkee/swift-codes/internal/database/database.go:64.61,67.3 2 0
github.com/zdziszkee/swift-codes/internal/database/database.go:69.2,69.22 1 0
github.com/zdziszkee/swift-codes/internal/database/database.go:73.58,77.16 3 0
github.com/zdziszkee/swift-codes/internal/database/database.go:77.16,79.3 1 0
github.com/zdziszkee/swift-codes/internal/database/database.go:81.2,84.32 3 0
github.com/zdziszkee/swift-codes/internal/database/database.go:84.32,86.18 2 0
github.com/zdziszkee/swift-codes/internal/database/database.go:86.18,87.12 1 0
github.com/zdziszkee/swift-codes/internal/database/database.go:90.3,92.17 3 0
github.com/zdziszkee/swift-codes/internal/database/database.go:92.17,94.4 1 0
github.com/zdziszkee/swift-codes/internal/database/database.go:97.2,98.12 2 0
github.com/zdziszkee/swift-codes/cmd/swiftcodes/main.go:23.13,32.16 6 0
github.com/zdziszkee/swift-codes/cmd/swiftcodes/main.go:32.16,34.3 1 0
github.com/zdziszkee/swift-codes/cmd/swiftcodes/main.go:37.2,37.21 1 0
github.com/zdziszkee/swift-codes/cmd/swiftcodes/main.go:37.21,40.3 2 0
github.com/zdziszkee/swift-codes/cmd/swiftcodes/main.go:43.2,44.16 2 0
github.com/zdziszkee/swift-codes/cmd/swiftcodes/main.go:44.16,46.3 1 0
github.com/zdziszkee/swift-codes/cmd/swiftcodes/main.go:47.2,56.56 4 0
github.com/zdziszkee/swift-codes/cmd/swiftcodes/main.go:56.56,65.17 5 0
github.com/zdziszkee/swift-codes/cmd/swiftcodes/main.go:65.17,67.4 1 0
github.com/zdziszkee/swift-codes/cmd/swiftcodes/main.go:67.9,73.18 4 0
github.com/zdziszkee/swift-codes/cmd/swiftcodes/main.go:73.18,75.5 1 0
github.com/zdziszkee/swift-codes/cmd/swiftcodes/main.go:75.10,79.19 3 0
github.com/zdziszkee/swift-codes/cmd/swiftcodes/main.go:79.19,81.6 1 0
github.com/zdziszkee/swift-codes/cmd/swiftcodes/main.go:81.11,84.27 2 0
github.com/zdziszkee/swift-codes/cmd/swiftcodes/main.go:84.27,86.7 1 0
github.com/zdziszkee/swift-codes/cmd/swiftcodes/main.go:88.6,89.20 2 0
github.com/zdziszkee/swift-codes/cmd/swiftcodes/main.go:89.20,91.7 1 0
github.com/zdziszkee/swift-codes/cmd/swiftcodes/main.go:91.12,93.7 1 0
github.com/zdziszkee/swift-codes/cmd/swiftcodes/main.go:100.2,106.12 3 0
github.com/zdziszkee/swift-codes/cmd/swiftcodes/main.go:106.12,108.45 2 0
github.com/zdziszkee/swift-codes/cmd/swiftcodes/main.go:108.45,110.4 1 0
github.com/zdziszkee/swift-codes/cmd/swiftcodes/main.go:114.2,124.53 7 0
github.com/zdziszkee/swift-codes/cmd/swiftcodes/main.go:124.53,126.3 1 0
github.com/zdziszkee/swift-codes/cmd/swiftcodes/main.go:128.2,128.31 1 0
github.com/zdziszkee/swift-codes/internal/configurations/configuration.go:32.30,61.2 2 0
github.com/zdziszkee/swift-codes/internal/configurations/configuration.go:64.47,69.81 3 0
github.com/zdziszkee/swift-codes/internal/configurations/configuration.go:69.81,71.6 1 0
github.com/zdziszkee/swift-codes/internal/configurations/configuration.go:74.5,74.25 1 0
github.com/zdziszkee/swift-codes/internal/configurations/configuration.go:74.25,75.54 1 0
github.com/zdziszkee/swift-codes/internal/configurations/configuration.go:75.54,76.84 1 0
github.com/zdziszkee/swift-codes/internal/configurations/configuration.go:76.84,78.14 1 0
github.com/zdziszkee/swift-codes/internal/configurations/configuration.go:79.15,79.51 1 0
github.com/zdziszkee/swift-codes/internal/configurations/configuration.go:79.51,81.10 1 0
github.com/zdziszkee/swift-codes/internal/configurations/configuration.go:82.11,88.42 2 0
github.com/zdziszkee/swift-codes/internal/configurations/configuration.go:88.42,89.52 1 0
github.com/zdziszkee/swift-codes/internal/configurations/configuration.go:89.52,90.82 1 0
github.com/zdziszkee/swift-codes/internal/configurations/configuration.go:90.82,92.18 1 0
github.com/zdziszkee/swift-codes/internal/configurations/configuration.go:93.17,93.22 1 0
github.com/zdziszkee/swift-codes/internal/configurations/configuration.go:99.5,99.39 1 0
github.com/zdziszkee/swift-codes/internal/configurations/configuration.go:99.39,104.6 4 0
github.com/zdziszkee/swift-codes/internal/configurations/configuration.go:105.5,105.76 1 0
github.com/zdziszkee/swift-codes/internal/configurations/configuration.go:105.76,107.6 1 0
github.com/zdziszkee/swift-codes/internal/configurations/configuration.go:110.5,111.52 2 0
github.com/zdziszkee/swift-codes/internal/configurations/configuration.go:111.52,113.6 1 0
github.com/zdziszkee/swift-codes/internal/configurations/configuration.go:116.5,116.51 1 0
github.com/zdziszkee/swift-codes/internal/configurations/configuration.go:116.51,118.6 1 0
github.com/zdziszkee/swift-codes/internal/configurations/configuration.go:120.5,120.24 1 0
github.com/zdziszkee/swift-codes/internal/configurations/configuration.go:124.43,126.40 1 0
github.com/zdziszkee/swift-codes/internal/configurations/configuration.go:126.40,128.6 1 0
github.com/zdziszkee/swift-codes/internal/configurations/configuration.go:129.5,129.126 1 0
github.com/zdziszkee/swift-codes/internal/configurations/configuration.go:129.126,131.6 1 0
github.com/zdziszkee/swift-codes/internal/configurations/configuration.go:132.5,132.38 1 0
github.com/zdziszkee/swift-codes/internal/configurations/configuration.go:132.38,134.6 1 0
github.com/zdziszkee/swift-codes/internal/configurations/configuration.go:135.5,135.37 1 0
github.com/zdziszkee/swift-codes/internal/configurations/configuration.go:135.37,137.6 1 0
github.com/zdziszkee/swift-codes/internal/configurations/configuration.go:140.5,140.41 1 0
github.com/zdziszkee/swift-codes/internal/configurations/configuration.go:140.41,142.6 1 0
github.com/zdziszkee/swift-codes/internal/configurations/configuration.go:143.5,143.41 1 0
github.com/zdziszkee/swift-codes/internal/configurations/configuration.go:143.41,145.6 1 0
github.com/zdziszkee/swift-codes/internal/configurations/configuration.go:146.5,146.44 1 0
github.com/zdziszkee/swift-codes/internal/configurations/configuration.go:146.44,148.6 1 0
github.com/zdziszkee/swift-codes/internal/configurations/configuration.go:151.5,151.31 1 0
github.com/zdziszkee/swift-codes/internal/configurations/configuration.go:151.31,153.6 1 0
github.com/zdziszkee/swift-codes/internal/configurations/configuration.go:154.5,161.59 2 0
github.com/zdziszkee/swift-codes/internal/configurations/configuration.go:161.59,163.6 1 0
github.com/zdziszkee/swift-codes/internal/configurations/configuration.go:165.5,169.61 2 0
github.com/zdziszkee/swift-codes/internal/configurations/configuration.go:169.61,171.6 1 0
github.com/zdziszkee/swift-codes/internal/configurations/configuration.go:174.5,174.41 1 0
github.com/zdziszkee/swift-codes/internal/configurations/configuration.go:174.41,176.6 1 0
github.com/zdziszkee/swift-codes/internal/configurations/configuration.go:178.5,178.15 1 0
github.com/zdziszkee/swift-codes/internal/parsers/swift_banks_parser.go:18.122,23.42 4 0
github.com/zdziszkee/swift-codes/internal/parsers/swift_banks_parser.go:23.42,25.29 1 0
github.com/zdziszkee/swift-codes/internal/parsers/swift_banks_parser.go:25.29,27.12 2 0
github.com/zdziszkee/swift-codes/internal/parsers/swift_banks_parser.go:29.3,29.46 1 0
github.com/zdziszkee/swift-codes/internal/parsers/swift_banks_parser.go:29.46,31.12 2 0
github.com/zdziszkee/swift-codes/internal/parsers/swift_banks_parser.go:33.3,33.33 1 0
github.com/zdziszkee/swift-codes/internal/parsers/swift_banks_parser.go:33.33,35.12 2 0
github.com/zdziszkee/swift-codes/internal/parsers/swift_banks_parser.go:38.3,38.28 1 0
github.com/zdziszkee/swift-codes/internal/parsers/swift_banks_parser.go:38.28,40.12 2 0
github.com/zdziszkee/swift-codes/internal/parsers/swift_banks_parser.go:42.3,42.33 1 0
github.com/zdziszkee/swift-codes/internal/parsers/swift_banks_parser.go:42.33,44.12 2 0
github.com/zdziszkee/swift-codes/internal/parsers/swift_banks_parser.go:47.3,47.34 1 0
github.com/zdziszkee/swift-codes/internal/parsers/swift_banks_parser.go:47.34,49.12 2 0
github.com/zdziszkee/swift-codes/internal/parsers/swift_banks_parser.go:51.3,51.59 1 0
github.com/zdziszkee/swift-codes/internal/parsers/swift_banks_parser.go:51.59,53.12 2 0
github.com/zdziszkee/swift-codes/internal/parsers/swift_banks_parser.go:56.3,56.27 1 0
github.com/zdziszkee/swift-codes/internal/parsers/swift_banks_parser.go:56.27,58.12 2 0
github.com/zdziszkee/swift-codes/internal/parsers/swift_banks_parser.go:60.3,60.32 1 0
github.com/zdziszkee/swift-codes/internal/parsers/swift_banks_parser.go:60.32,62.12 2 0
github.com/zdziszkee/swift-codes/internal/parsers/swift_banks_parser.go:65.3,65.31 1 0
github.com/zdziszkee/swift-codes/internal/parsers/swift_banks_parser.go:65.31,67.12 2 0
github.com/zdziszkee/swift-codes/internal/parsers/swift_banks_parser.go:69.3,69.36 1 0
github.com/zdziszkee/swift-codes/internal/parsers/swift_banks_parser.go:69.36,71.12 2 0
github.com/zdziszkee/swift-codes/internal/parsers/swift_banks_parser.go:75.3,79.33 3 0
github.com/zdziszkee/swift-codes/internal/parsers/swift_banks_parser.go:79.33,81.4 1 0
github.com/zdziszkee/swift-codes/internal/parsers/swift_banks_parser.go:81.9,83.4 1 0
github.com/zdziszkee/swift-codes/internal/parsers/swift_banks_parser.go:85.3,94.30 2 0
github.com/zdziszkee/swift-codes/internal/parsers/swift_banks_parser.go:97.2,97.19 1 0
github.com/zdziszkee/swift-codes/internal/api/router/swift_router.go:11.65,13.52 1 0
github.com/zdziszkee/swift-codes/internal/api/router/swift_router.go:13.52,17.39 2 0
github.com/zdziszkee/swift-codes/internal/api/router/swift_router.go:17.39,19.5 1 0
github.com/zdziszkee/swift-codes/internal/api/router/swift_router.go:21.4,23.6 1 0
github.com/zdziszkee/swift-codes/internal/api/router/swift_router.go:28.2,39.12 8 0
github.com/zdziszkee/swift-codes/internal/services/swift_service.go:39.68,41.2 1 1
github.com/zdziszkee/swift-codes/internal/services/swift_service.go:44.115,50.39 3 1
github.com/zdziszkee/swift-codes/internal/services/swift_service.go:50.39,53.3 2 1
github.com/zdziszkee/swift-codes/internal/services/swift_service.go:55.2,56.16 2 1
github.com/zdziszkee/swift-codes/internal/services/swift_service.go:56.16,57.45 1 1
github.com/zdziszkee/swift-codes/internal/services/swift_service.go:57.45,60.4 2 1
github.com/zdziszkee/swift-codes/internal/services/swift_service.go:61.3,62.18 2 1
github.com/zdziszkee/swift-codes/internal/services/swift_service.go:65.2,66.18 2 1
github.com/zdziszkee/swift-codes/internal/services/swift_service.go:70.127,74.48 2 1
github.com/zdziszkee/swift-codes/internal/services/swift_service.go:74.48,76.3 1 1
github.com/zdziszkee/swift-codes/internal/services/swift_service.go:78.2,79.16 2 1
github.com/zdziszkee/swift-codes/internal/services/swift_service.go:79.16,80.45 1 1
github.com/zdziszkee/swift-codes/internal/services/swift_service.go:80.45,82.4 1 1
github.com/zdziszkee/swift-codes/internal/services/swift_service.go:83.3,83.18 1 1
github.com/zdziszkee/swift-codes/internal/services/swift_service.go:86.2,86.19 1 1
github.com/zdziszkee/swift-codes/internal/services/swift_service.go:90.91,92.17 1 1
github.com/zdziszkee/swift-codes/internal/services/swift_service.go:92.17,94.3 1 1
github.com/zdziszkee/swift-codes/internal/services/swift_service.go:97.2,101.49 3 1
github.com/zdziszkee/swift-codes/internal/services/swift_service.go:101.49,103.3 1 1
github.com/zdziszkee/swift-codes/internal/services/swift_service.go:106.2,106.56 1 1
github.com/zdziszkee/swift-codes/internal/services/swift_service.go:106.56,108.3 1 1
github.com/zdziszkee/swift-codes/internal/services/swift_service.go:111.2,111.25 1 1
github.com/zdziszkee/swift-codes/internal/services/swift_service.go:111.25,113.3 1 1
github.com/zdziszkee/swift-codes/internal/services/swift_service.go:116.2,119.30 2 1
github.com/zdziszkee/swift-codes/internal/services/swift_service.go:119.30,121.3 1 1
github.com/zdziszkee/swift-codes/internal/services/swift_service.go:123.2,124.16 2 1
github.com/zdziszkee/swift-codes/internal/services/swift_service.go:124.16,125.46 1 1
github.com/zdziszkee/swift-codes/internal/services/swift_service.go:125.46,127.4 1 1
github.com/zdziszkee/swift-codes/internal/services/swift_service.go:128.3,128.13 1 1
github.com/zdziszkee/swift-codes/internal/services/swift_service.go:131.2,131.12 1 1
github.com/zdziszkee/swift-codes/internal/services/swift_service.go:135.80,139.39 2 1
github.com/zdziszkee/swift-codes/internal/services/swift_service.go:139.39,141.3 1 1
github.com/zdziszkee/swift-codes/internal/services/swift_service.go:143.2,144.16 2 1
github.com/zdziszkee/swift-codes/internal/services/swift_service.go:144.16,145.45 1 1
github.com/zdziszkee/swift-codes/internal/services/swift_service.go:145.45,147.4 1 1
github.com/zdziszkee/swift-codes/internal/services/swift_service.go:148.3,148.13 1 1
github.com/zdziszkee/swift-codes/internal/services/swift_service.go:151.2,151.12 1 1
